[2025-11-02 15:11:28] [INFO    ] discord.client: logging in using static token
[2025-11-02 15:11:28] [DEBUG   ] discord.http: GET https://discord.com/api/v10/users/@me with None has returned 200
[2025-11-02 15:11:28] [DEBUG   ] discord.http: GET /users/@me has found its initial rate limit bucket hash (78bb8553d9352a5a2f89f9def401287a).
[2025-11-02 15:11:28] [DEBUG   ] discord.http: GET https://discord.com/api/v10/users/@me has received {'id': '1434494876229304381', 'username': "MooTheMew's socials", 'avatar': None, 'discriminator': '2188', 'public_flags': 0, 'flags': 0, 'bot': True, 'banner': None, 'accent_color': None, 'global_name': None, 'avatar_decoration_data': None, 'collectibles': None, 'display_name_styles': None, 'banner_color': None, 'clan': None, 'primary_guild': None, 'mfa_enabled': True, 'locale': 'en-US', 'premium_type': 0, 'email': None, 'verified': True, 'bio': ''}
[2025-11-02 15:11:29] [DEBUG   ] discord.http: GET https://discord.com/api/v10/oauth2/applications/@me with None has returned 200
[2025-11-02 15:11:29] [DEBUG   ] discord.http: GET /oauth2/applications/@me has found its initial rate limit bucket hash (d28a133af187e91d71d96a223467ce49).
[2025-11-02 15:11:29] [DEBUG   ] discord.http: GET https://discord.com/api/v10/oauth2/applications/@me has received {'id': '1434494876229304381', 'name': "MooTheMew's socials", 'icon': None, 'description': '', 'type': None, 'bot': {'id': '1434494876229304381', 'username': "MooTheMew's socials", 'avatar': None, 'discriminator': '2188', 'public_flags': 0, 'flags': 0, 'bot': True, 'banner': None, 'accent_color': None, 'global_name': None, 'avatar_decoration_data': None, 'collectibles': None, 'display_name_styles': None, 'banner_color': None, 'clan': None, 'primary_guild': None}, 'summary': '', 'is_monetized': False, 'is_verified': False, 'is_discoverable': False, 'bot_public': True, 'bot_require_code_grant': False, 'install_params': {'scopes': ['applications.commands'], 'permissions': '0'}, 'integration_types_config': {'0': {'oauth2_install_params': {'scopes': ['applications.commands'], 'permissions': '0'}}, '1': {'oauth2_install_params': {'scopes': ['applications.commands'], 'permissions': '0'}}}, 'verify_key': '6721a197835fe5b60e8fdce4ab9433e046beb5712096c37fa0d042a7228d3f9b', 'flags': 557056, 'hook': True, 'storefront_available': False, 'redirect_uris': [], 'interactions_endpoint_url': None, 'role_connections_verification_url': None, 'owner': {'id': '756876533473476720', 'username': 'heartfeltodyssey', 'avatar': '227dbb279aa8ce945f4c6182a168a373', 'discriminator': '0', 'public_flags': 64, 'flags': 64, 'banner': '234f804f72b312fbf32285f9d1e8f6f9', 'accent_color': 16389865, 'global_name': '<3/Wanda', 'avatar_decoration_data': {'asset': 'a_c3cffc19e9784f7d0b005eecdf1b566e', 'sku_id': '1212569433839636530', 'expires_at': None}, 'collectibles': {'nameplate': {'sku_id': '1349849614311751731', 'asset': 'nameplates/nameplates/angels/', 'label': 'COLLECTIBLES_NAMEPLATES_ANGELS_A11Y', 'palette': 'bubble_gum'}}, 'display_name_styles': {'font_id': 7, 'effect_id': 3, 'colors': [16711923]}, 'banner_color': '#fa16e9', 'clan': None, 'primary_guild': None}, 'approximate_guild_count': 0, 'approximate_user_install_count': 0, 'approximate_user_authorization_count': 0, 'interactions_event_types': [], 'interactions_version': 1, 'explicit_content_filter': 0, 'rpc_application_state': 0, 'store_application_state': 1, 'verification_state': 1, 'integration_public': True, 'integration_require_code_grant': False, 'discoverability_state': 1, 'discovery_eligibility_flags': 2272, 'monetization_state': 1, 'verification_eligibility_flags': 123804, 'monetization_eligibility_flags': 247524, 'bot_approximate_guild_count': 1, 'team': None, 'internal_guild_restriction': 2, 'approved_consoles': [], 'pricing_localization_strategy': 'localized_price_sets'}
[2025-11-02 15:11:29] [DEBUG   ] discord.gateway: Created websocket connected to wss://gateway.discord.gg/
[2025-11-02 15:11:29] [DEBUG   ] discord.gateway: For Shard ID None: WebSocket Event: {'t': None, 's': None, 'op': 10, 'd': {'heartbeat_interval': 41250, '_trace': ['["gateway-prd-arm-us-east1-d-45h0",{"micros":0.0}]']}}
[2025-11-02 15:11:29] [DEBUG   ] discord.gateway: Shard ID None has sent the IDENTIFY payload.
[2025-11-02 15:11:29] [DEBUG   ] discord.gateway: For Shard ID None: WebSocket Event: {'t': None, 's': None, 'op': 11, 'd': None}
[2025-11-02 15:11:29] [DEBUG   ] discord.gateway: For Shard ID None: WebSocket Event: {'t': 'READY', 's': 1, 'op': 0, 'd': {'v': 10, 'user_settings': {}, 'user': {'verified': True, 'username': "MooTheMew's socials", 'primary_guild': None, 'mfa_enabled': True, 'id': '1434494876229304381', 'global_name': None, 'flags': 0, 'email': None, 'discriminator': '2188', 'clan': None, 'bot': True, 'avatar': None}, 'session_type': 'normal', 'session_id': 'babe08f9654a07a3ab1e034de7de99fd', 'resume_gateway_url': 'wss://gateway-us-east1-d.discord.gg', 'relationships': [], 'private_channels': [], 'presences': [], 'guilds': [{'unavailable': True, 'id': '1434492620905644115'}], 'guild_join_requests': [], 'geo_ordered_rtc_regions': ['rotterdam', 'frankfurt', 'london', 'paris', 'milan'], 'game_relationships': [], 'auth': {}, 'application': {'id': '1434494876229304381', 'flags': 557056}, '_trace': ['["gateway-prd-arm-us-east1-d-45h0",{"micros":85771,"calls":["id_created",{"micros":493,"calls":[]},"session_lookup_time",{"micros":257,"calls":[]},"session_lookup_finished",{"micros":23,"calls":[]},"discord-sessions-prd-2-6",{"micros":84567,"calls":["start_session",{"micros":81093,"calls":["discord-api-rpc-75d66748db-8vm48",{"micros":70673,"calls":["get_user",{"micros":8088},"get_guilds",{"micros":2531},"send_scheduled_deletion_message",{"micros":16},"guild_join_requests",{"micros":556},"authorized_ip_coro",{"micros":13},"pending_payments",{"micros":487},"apex_experiments",{"micros":4},"user_activities",{"micros":2},"played_application_ids",{"micros":2},"linked_users",{"micros":2}]}]},"starting_guild_connect",{"micros":28,"calls":[]},"presence_started",{"micros":344,"calls":[]},"guilds_started",{"micros":79,"calls":[]},"lobbies_started",{"micros":1,"calls":[]},"guilds_connect",{"micros":1,"calls":[]},"presence_connect",{"micros":2991,"calls":[]},"connect_finished",{"micros":3008,"calls":[]},"build_ready",{"micros":12,"calls":[]},"clean_ready",{"micros":0,"calls":[]},"optimize_ready",{"micros":1,"calls":[]},"split_ready",{"micros":0,"calls":[]}]}]}]']}}
[2025-11-02 15:11:29] [DEBUG   ] discord.client: Dispatching event socket_event_type
[2025-11-02 15:11:29] [INFO    ] discord.gateway: Shard ID None has connected to Gateway (Session ID: babe08f9654a07a3ab1e034de7de99fd).
[2025-11-02 15:11:29] [DEBUG   ] discord.client: Dispatching event connect
[2025-11-02 15:11:29] [DEBUG   ] discord.gateway: For Shard ID None: WebSocket Event: {'t': 'GUILD_CREATE', 's': 2, 'op': 0, 'd': {'roles': [{'version': 1762080092645, 'unicode_emoji': None, 'tags': {}, 'position': 0, 'permissions': '2248473465835073', 'name': '@everyone', 'mentionable': False, 'managed': False, 'id': '1434492620905644115', 'icon': None, 'hoist': False, 'flags': 0, 'colors': {'tertiary_color': None, 'secondary_color': None, 'primary_color': 0}, 'color': 0}, {'version': 1762086981085, 'unicode_emoji': None, 'tags': {'bot_id': '1434494876229304381'}, 'position': 1, 'permissions': '388096', 'name': "MooTheMew's socials", 'mentionable': False, 'managed': True, 'id': '1434521513788313684', 'icon': None, 'hoist': False, 'flags': 0, 'colors': {'tertiary_color': None, 'secondary_color': None, 'primary_color': 0}, 'color': 0}], 'vanity_url_code': None, 'application_id': None, 'rules_channel_id': None, 'owner_id': '756876533473476720', 'profile': None, 'banner': None, 'preferred_locale': 'en-US', 'max_members': 25000000, 'member_count': 2, 'afk_timeout': 300, 'premium_subscription_count': 0, 'large': False, 'id': '1434492620905644115', 'moderator_reporting': None, 'name': 'coding test server', 'verification_level': 0, 'hub_type': None, 'stage_instances': [], 'safety_alerts_channel_id': None, 'mfa_level': 0, 'voice_states': [], 'premium_tier': 0, 'discovery_splash': None, 'incidents_data': None, 'threads': [], 'max_stage_video_channel_users': 50, 'system_channel_id': '1434492621916733545', 'stickers': [], 'nsfw_level': 0, 'premium_progress_bar_enabled': False, 'description': None, 'emojis': [], 'system_channel_flags': 0, 'public_updates_channel_id': None, 'joined_at': '2025-11-02T12:36:21.152443+00:00', 'premium_features': None, 'owner_configured_content_level': 0, 'guild_scheduled_events': [], 'channels': [{'version': 1762080092651, 'type': 4, 'position': 0, 'permission_overwrites': [], 'name': 'Text channels', 'id': '1434492621916733542', 'flags': 0}, {'version': 1762080092655, 'type': 4, 'position': 0, 'permission_overwrites': [], 'name': 'Voice channels', 'id': '1434492621916733544', 'flags': 0}, {'version': 1762080092662, 'type': 0, 'topic': None, 'rate_limit_per_user': 0, 'position': 0, 'permission_overwrites': [], 'parent_id': '1434492621916733542', 'name': 'general', 'last_message_id': '1434521514820243517', 'id': '1434492621916733545', 'icon_emoji': {'name': '👋', 'id': None}, 'flags': 0}, {'version': 1762080092669, 'user_limit': 0, 'type': 2, 'rtc_region': None, 'rate_limit_per_user': 0, 'position': 0, 'permission_overwrites': [], 'parent_id': '1434492621916733544', 'name': 'General', 'last_message_id': None, 'id': '1434492621916733546', 'icon_emoji': {'name': '🎙', 'id': None}, 'flags': 0, 'bitrate': 64000}], 'application_command_counts': {}, 'default_message_notifications': 0, 'region': 'deprecated', 'nsfw': False, 'presences': [], 'activity_instances': [], 'latest_onboarding_question_id': None, 'max_video_channel_users': 25, 'soundboard_sounds': [], 'home_header': None, 'features': [], 'icon': None, 'explicit_content_filter': 0, 'version': 1762080092675, 'splash': None, 'afk_channel_id': None, 'members': [{'user': {'username': "MooTheMew's socials", 'public_flags': 0, 'primary_guild': None, 'id': '1434494876229304381', 'global_name': None, 'display_name_styles': None, 'display_name': None, 'discriminator': '2188', 'collectibles': None, 'bot': True, 'avatar_decoration_data': None, 'avatar': None}, 'roles': ['1434521513788313684'], 'premium_since': None, 'pending': False, 'nick': None, 'mute': False, 'joined_at': '2025-11-02T12:36:21.152443+00:00', 'flags': 1, 'deaf': False, 'communication_disabled_until': None, 'banner': None, 'avatar': None}], 'inventory_settings': None, 'unavailable': False, 'lazy': True, 'embedded_activities': []}}
[2025-11-02 15:11:29] [DEBUG   ] discord.client: Dispatching event socket_event_type
[2025-11-02 15:11:29] [DEBUG   ] discord.gateway: For Shard ID None: WebSocket Event: {'t': 'GUILD_MEMBERS_CHUNK', 's': 3, 'op': 0, 'd': {'nonce': 'db3afffbf20f0855073b084086b5dbb5', 'members': [{'user': {'username': 'heartfeltodyssey', 'public_flags': 64, 'primary_guild': None, 'id': '756876533473476720', 'global_name': '<3/Wanda', 'display_name_styles': {'font_id': 7, 'effect_id': 3, 'colors': [16711923]}, 'display_name': '<3/Wanda', 'discriminator': '0', 'collectibles': {'nameplate': {'sku_id': '1349849614311751731', 'palette': 'bubble_gum', 'label': 'COLLECTIBLES_NAMEPLATES_ANGELS_A11Y', 'expires_at': None, 'asset': 'nameplates/nameplates/angels/'}}, 'bot': False, 'avatar_decoration_data': {'sku_id': '1212569433839636530', 'expires_at': None, 'asset': 'a_c3cffc19e9784f7d0b005eecdf1b566e'}, 'avatar': '227dbb279aa8ce945f4c6182a168a373'}, 'roles': [], 'premium_since': None, 'pending': False, 'nick': None, 'mute': False, 'joined_at': '2025-11-02T10:41:32.506000+00:00', 'flags': 0, 'deaf': False, 'communication_disabled_until': None, 'banner': None, 'avatar': None}, {'user': {'username': "MooTheMew's socials", 'public_flags': 0, 'primary_guild': None, 'id': '1434494876229304381', 'global_name': None, 'display_name_styles': None, 'display_name': None, 'discriminator': '2188', 'collectibles': None, 'bot': True, 'avatar_decoration_data': None, 'avatar': None}, 'roles': ['1434521513788313684'], 'premium_since': None, 'pending': False, 'nick': None, 'mute': False, 'joined_at': '2025-11-02T12:36:21.152443+00:00', 'flags': 1, 'deaf': False, 'communication_disabled_until': None, 'banner': None, 'avatar': None}], 'guild_id': '1434492620905644115', 'chunk_index': 0, 'chunk_count': 1}}
[2025-11-02 15:11:29] [DEBUG   ] discord.client: Dispatching event socket_event_type
[2025-11-02 15:11:29] [DEBUG   ] discord.state: Processed a chunk for 2 members in guild ID 1434492620905644115.
[2025-11-02 15:11:31] [DEBUG   ] discord.client: Dispatching event guild_available
[2025-11-02 15:11:31] [DEBUG   ] discord.client: Dispatching event ready
[2025-11-02 15:12:10] [DEBUG   ] discord.gateway: Keeping shard ID None websocket alive with sequence 3.
[2025-11-02 15:12:10] [DEBUG   ] discord.gateway: For Shard ID None: WebSocket Event: {'t': None, 's': None, 'op': 11, 'd': None}
[2025-11-02 15:12:51] [DEBUG   ] discord.gateway: Keeping shard ID None websocket alive with sequence 3.
[2025-11-02 15:12:52] [DEBUG   ] discord.gateway: For Shard ID None: WebSocket Event: {'t': None, 's': None, 'op': 11, 'd': None}
[2025-11-02 15:13:33] [DEBUG   ] discord.gateway: Keeping shard ID None websocket alive with sequence 3.
[2025-11-02 15:13:33] [DEBUG   ] discord.gateway: For Shard ID None: WebSocket Event: {'t': None, 's': None, 'op': 11, 'd': None}
[2025-11-02 15:13:53] [DEBUG   ] discord.gateway: For Shard ID None: WebSocket Event: {'t': 'USER_UPDATE', 's': 4, 'op': 0, 'd': {'verified': True, 'username': "MooTheMew's socials", 'public_flags': 0, 'primary_guild': None, 'premium_type': 0, 'premium_state': {'premium_subscription_type': 0, 'premium_source': 0}, 'mfa_enabled': True, 'locale': 'en-US', 'id': '1434494876229304381', 'global_name': None, 'flags': 0, 'email': None, 'display_name_styles': None, 'discriminator': '2188', 'collectibles': None, 'clan': None, 'bot': True, 'bio': '', 'banner_color': None, 'banner': None, 'avatar_decoration_data': None, 'avatar': 'ebf8df5a7c39c661452717155a531959', 'authenticator_types': [], 'accent_color': None}}
[2025-11-02 15:13:53] [DEBUG   ] discord.client: Dispatching event socket_event_type
[2025-11-02 15:13:53] [DEBUG   ] discord.gateway: For Shard ID None: WebSocket Event: {'t': 'GUILD_MEMBER_UPDATE', 's': 5, 'op': 0, 'd': {'user': {'username': "MooTheMew's socials", 'public_flags': 0, 'primary_guild': None, 'id': '1434494876229304381', 'global_name': None, 'display_name_styles': None, 'display_name': None, 'discriminator': '2188', 'collectibles': None, 'bot': True, 'avatar_decoration_data': None, 'avatar': 'ebf8df5a7c39c661452717155a531959'}, 'roles': ['1434521513788313684'], 'premium_since': None, 'pending': False, 'nick': None, 'mute': False, 'joined_at': '2025-11-02T12:36:21.152443+00:00', 'guild_id': '1434492620905644115', 'flags': 1, 'deaf': False, 'communication_disabled_until': None, 'banner': None, 'avatar': None}}
[2025-11-02 15:13:53] [DEBUG   ] discord.client: Dispatching event socket_event_type
[2025-11-02 15:13:53] [DEBUG   ] discord.client: Dispatching event member_update
[2025-11-02 15:14:14] [DEBUG   ] discord.gateway: Keeping shard ID None websocket alive with sequence 5.
[2025-11-02 15:14:14] [DEBUG   ] discord.gateway: For Shard ID None: WebSocket Event: {'t': None, 's': None, 'op': 11, 'd': None}
[2025-11-02 15:14:55] [DEBUG   ] discord.gateway: Keeping shard ID None websocket alive with sequence 5.
[2025-11-02 15:14:55] [DEBUG   ] discord.gateway: For Shard ID None: WebSocket Event: {'t': None, 's': None, 'op': 11, 'd': None}
[2025-11-02 15:15:36] [DEBUG   ] discord.gateway: Keeping shard ID None websocket alive with sequence 5.
[2025-11-02 15:15:37] [DEBUG   ] discord.gateway: For Shard ID None: WebSocket Event: {'t': None, 's': None, 'op': 11, 'd': None}
[2025-11-02 15:15:40] [DEBUG   ] discord.gateway: For Shard ID None: WebSocket Event: {'t': 'USER_UPDATE', 's': 6, 'op': 0, 'd': {'verified': True, 'username': "MooTheMew's socials", 'public_flags': 0, 'primary_guild': None, 'premium_type': 0, 'premium_state': {'premium_subscription_type': 0, 'premium_source': 0}, 'mfa_enabled': True, 'locale': 'en-US', 'id': '1434494876229304381', 'global_name': None, 'flags': 0, 'email': None, 'display_name_styles': None, 'discriminator': '2188', 'collectibles': None, 'clan': None, 'bot': True, 'bio': '', 'banner_color': None, 'banner': None, 'avatar_decoration_data': None, 'avatar': 'ebf8df5a7c39c661452717155a531959', 'authenticator_types': [], 'accent_color': None}}
[2025-11-02 15:15:40] [DEBUG   ] discord.client: Dispatching event socket_event_type
[2025-11-02 15:16:18] [DEBUG   ] discord.gateway: Keeping shard ID None websocket alive with sequence 6.
[2025-11-02 15:16:18] [DEBUG   ] discord.gateway: For Shard ID None: WebSocket Event: {'t': None, 's': None, 'op': 11, 'd': None}
[2025-11-02 15:16:59] [DEBUG   ] discord.gateway: Keeping shard ID None websocket alive with sequence 6.
[2025-11-02 15:16:59] [DEBUG   ] discord.gateway: For Shard ID None: WebSocket Event: {'t': None, 's': None, 'op': 11, 'd': None}
[2025-11-02 15:17:40] [DEBUG   ] discord.gateway: Keeping shard ID None websocket alive with sequence 6.
[2025-11-02 15:17:40] [DEBUG   ] discord.gateway: For Shard ID None: WebSocket Event: {'t': None, 's': None, 'op': 11, 'd': None}
[2025-11-02 15:18:21] [DEBUG   ] discord.gateway: Keeping shard ID None websocket alive with sequence 6.
[2025-11-02 15:18:22] [DEBUG   ] discord.gateway: For Shard ID None: WebSocket Event: {'t': None, 's': None, 'op': 11, 'd': None}
[2025-11-02 15:19:03] [DEBUG   ] discord.gateway: Keeping shard ID None websocket alive with sequence 6.
[2025-11-02 15:19:03] [DEBUG   ] discord.gateway: For Shard ID None: WebSocket Event: {'t': None, 's': None, 'op': 11, 'd': None}
[2025-11-02 15:19:44] [DEBUG   ] discord.gateway: Keeping shard ID None websocket alive with sequence 6.
[2025-11-02 15:19:44] [DEBUG   ] discord.gateway: For Shard ID None: WebSocket Event: {'t': None, 's': None, 'op': 11, 'd': None}
[2025-11-02 15:20:25] [DEBUG   ] discord.gateway: Keeping shard ID None websocket alive with sequence 6.
[2025-11-02 15:20:25] [DEBUG   ] discord.gateway: For Shard ID None: WebSocket Event: {'t': None, 's': None, 'op': 11, 'd': None}
[2025-11-02 15:21:06] [DEBUG   ] discord.gateway: Keeping shard ID None websocket alive with sequence 6.
[2025-11-02 15:21:07] [DEBUG   ] discord.gateway: For Shard ID None: WebSocket Event: {'t': None, 's': None, 'op': 11, 'd': None}
[2025-11-02 15:21:48] [DEBUG   ] discord.gateway: Keeping shard ID None websocket alive with sequence 6.
[2025-11-02 15:21:48] [DEBUG   ] discord.gateway: For Shard ID None: WebSocket Event: {'t': None, 's': None, 'op': 11, 'd': None}
[2025-11-02 15:22:29] [DEBUG   ] discord.gateway: Keeping shard ID None websocket alive with sequence 6.
[2025-11-02 15:22:29] [DEBUG   ] discord.gateway: For Shard ID None: WebSocket Event: {'t': None, 's': None, 'op': 11, 'd': None}
[2025-11-02 15:23:10] [DEBUG   ] discord.gateway: Keeping shard ID None websocket alive with sequence 6.
[2025-11-02 15:23:10] [DEBUG   ] discord.gateway: For Shard ID None: WebSocket Event: {'t': None, 's': None, 'op': 11, 'd': None}
[2025-11-02 15:23:52] [DEBUG   ] discord.gateway: Keeping shard ID None websocket alive with sequence 6.
[2025-11-02 15:23:52] [DEBUG   ] discord.gateway: For Shard ID None: WebSocket Event: {'t': None, 's': None, 'op': 11, 'd': None}
[2025-11-02 15:24:33] [DEBUG   ] discord.gateway: Keeping shard ID None websocket alive with sequence 6.
[2025-11-02 15:24:33] [DEBUG   ] discord.gateway: For Shard ID None: WebSocket Event: {'t': None, 's': None, 'op': 11, 'd': None}
[2025-11-02 15:25:14] [DEBUG   ] discord.gateway: Keeping shard ID None websocket alive with sequence 6.
[2025-11-02 15:25:14] [DEBUG   ] discord.gateway: For Shard ID None: WebSocket Event: {'t': None, 's': None, 'op': 11, 'd': None}
[2025-11-02 15:25:55] [DEBUG   ] discord.gateway: Keeping shard ID None websocket alive with sequence 6.
[2025-11-02 15:25:55] [DEBUG   ] discord.gateway: For Shard ID None: WebSocket Event: {'t': None, 's': None, 'op': 11, 'd': None}
[2025-11-02 15:26:37] [DEBUG   ] discord.gateway: Keeping shard ID None websocket alive with sequence 6.
[2025-11-02 15:26:37] [DEBUG   ] discord.gateway: For Shard ID None: WebSocket Event: {'t': None, 's': None, 'op': 11, 'd': None}
[2025-11-02 15:27:18] [DEBUG   ] discord.gateway: Keeping shard ID None websocket alive with sequence 6.
[2025-11-02 15:27:18] [DEBUG   ] discord.gateway: For Shard ID None: WebSocket Event: {'t': None, 's': None, 'op': 11, 'd': None}
[2025-11-02 15:27:49] [DEBUG   ] discord.client: on_ready has successfully been registered as an event
